2025-06-19T15:46:35.006Z [info]: Bắt đầu cập nhật thời tiết lúc 2025-06-19T15:46:35.005Z
2025-06-19T15:47:21.351Z [info]: Bắt đầu cập nhật thời tiết lúc 2025-06-19T15:47:21.350Z
2025-06-19T15:47:25.780Z [info]: Cập nhật thời tiết thành phố Vĩnh Phúc
2025-06-19T15:48:21.559Z [info]: Bắt đầu cập nhật thời tiết lúc 2025-06-19T15:48:21.558Z
2025-06-19T15:48:26.438Z [info]: Cập nhật thời tiết thành phố Hà Nội
2025-06-19T15:49:58.363Z [info]: Bắt đầu cập nhật thời tiết lúc 2025-06-19T15:49:58.362Z
2025-06-19T15:50:04.662Z [info]: Cập nhật thời tiết thành phố Vĩnh Phúc
2025-06-19T15:50:05.028Z [info]: Cập nhật thời tiết thành phố Hà Nội
2025-06-19T15:50:05.056Z [info]: Cập nhật thời tiết thành phố Hải Dương
2025-06-19T15:50:05.058Z [info]: Cập nhật thời tiết thành phố Hải Phòng
2025-06-19T15:50:05.098Z [info]: Cập nhật thời tiết thành phố Bắc Ninh
2025-06-19T15:50:08.052Z [info]: Cập nhật thời tiết thành phố Ninh Bình
2025-06-19T15:50:08.053Z [info]: Cập nhật thời tiết thành phố Nam Định
2025-06-19T15:50:08.067Z [info]: Cập nhật thời tiết thành phố Thái Bình
2025-06-19T15:50:08.068Z [info]: Cập nhật thời tiết thành phố Hà Nam
2025-06-19T15:50:08.078Z [info]: Cập nhật thời tiết thành phố Hưng Yên
2025-06-19T15:50:10.715Z [info]: Cập nhật thời tiết thành phố Đắk Nông
2025-06-19T15:50:10.715Z [info]: Cập nhật thời tiết thành phố Gia Lai
2025-06-19T15:50:10.716Z [info]: Cập nhật thời tiết thành phố Lâm Đồng
2025-06-19T15:50:10.716Z [info]: Cập nhật thời tiết thành phố Đắk Lắk
2025-06-19T15:50:10.732Z [info]: Cập nhật thời tiết thành phố Kon Tum
2025-06-19T15:50:13.212Z [info]: Cập nhật thời tiết thành phố Trà Vinh
2025-06-19T15:50:13.216Z [info]: Cập nhật thời tiết thành phố Vĩnh Long
2025-06-19T15:50:13.224Z [info]: Cập nhật thời tiết thành phố Bến Tre
2025-06-19T15:50:13.233Z [info]: Cập nhật thời tiết thành phố Tiền Giang
2025-06-19T15:50:13.247Z [info]: Cập nhật thời tiết thành phố Long An
2025-06-19T15:50:15.772Z [info]: Cập nhật thời tiết thành phố Cần Thơ
2025-06-19T15:50:15.773Z [info]: Cập nhật thời tiết thành phố Hậu Giang
2025-06-19T15:50:15.773Z [info]: Cập nhật thời tiết thành phố Đồng Tháp
2025-06-19T15:50:15.825Z [info]: Cập nhật thời tiết thành phố Kiên Giang
2025-06-19T15:50:15.827Z [info]: Cập nhật thời tiết thành phố An Giang
2025-06-19T15:50:18.859Z [info]: Cập nhật thời tiết thành phố Cà Mau
2025-06-19T15:50:18.860Z [info]: Cập nhật thời tiết thành phố Bạc Liêu
2025-06-19T15:50:18.860Z [info]: Cập nhật thời tiết thành phố Điện Biên
2025-06-19T15:50:18.861Z [info]: Cập nhật thời tiết thành phố Lào Cai
2025-06-19T15:50:18.939Z [info]: Cập nhật thời tiết thành phố Sóc Trăng
2025-06-19T15:50:22.117Z [info]: Cập nhật thời tiết thành phố Yên Bái
2025-06-19T15:50:22.171Z [info]: Cập nhật thời tiết thành phố Sơn La
2025-06-19T15:50:22.185Z [info]: Cập nhật thời tiết thành phố Hoà Bình
2025-06-19T15:50:22.186Z [info]: Cập nhật thời tiết thành phố Lai Châu
2025-06-19T15:50:22.239Z [info]: Cập nhật thời tiết thành phố Bình Phước
2025-06-19T15:50:25.283Z [info]: Cập nhật thời tiết thành phố Đồng Nai
2025-06-19T15:50:25.285Z [info]: Cập nhật thời tiết thành phố Tây Ninh
2025-06-19T15:50:25.289Z [info]: Cập nhật thời tiết thành phố Bình Dương
2025-06-19T15:50:25.290Z [info]: Cập nhật thời tiết thành phố Thanh Hóa
2025-06-19T15:50:25.348Z [info]: Cập nhật thời tiết thành phố Nghệ An
2025-06-19T15:50:28.211Z [info]: Cập nhật thời tiết thành phố Quảng Trị
2025-06-19T15:50:28.212Z [info]: Cập nhật thời tiết thành phố Thừa Thiên Huế
2025-06-19T15:50:28.213Z [info]: Cập nhật thời tiết thành phố Bà Rịa - Vũng Tàu
2025-06-19T15:50:28.213Z [info]: Cập nhật thời tiết thành phố Hà Tĩnh
2025-06-19T15:50:28.308Z [info]: Cập nhật thời tiết thành phố Quảng Bình
2025-06-19T15:50:30.894Z [info]: Cập nhật thời tiết thành phố Cao Bằng
2025-06-19T15:50:30.895Z [info]: Cập nhật thời tiết thành phố Hà Giang
2025-06-19T15:50:30.896Z [info]: Cập nhật thời tiết thành phố Đà Nẵng
2025-06-19T15:50:30.906Z [info]: Cập nhật thời tiết thành phố Hồ Chí Minh
2025-06-19T15:50:30.951Z [info]: Cập nhật thời tiết thành phố Quảng Nam
2025-06-19T15:50:34.221Z [info]: Cập nhật thời tiết thành phố Bình Định
2025-06-19T15:50:34.222Z [info]: Cập nhật thời tiết thành phố Tuyên Quang
2025-06-19T15:50:34.222Z [info]: Cập nhật thời tiết thành phố Phú Yên
2025-06-19T15:50:34.223Z [info]: Cập nhật thời tiết thành phố Quảng Ngãi
2025-06-19T15:50:34.224Z [info]: Cập nhật thời tiết thành phố Bắc Kạn
2025-06-19T15:50:38.376Z [info]: Cập nhật thời tiết thành phố Thái Nguyên
2025-06-19T15:50:38.424Z [info]: Cập nhật thời tiết thành phố Quảng Ninh
2025-06-19T15:50:38.425Z [info]: Cập nhật thời tiết thành phố Bắc Giang
2025-06-19T15:50:38.442Z [info]: Cập nhật thời tiết thành phố Khánh Hòa
2025-06-19T15:50:38.721Z [info]: Cập nhật thời tiết thành phố Lạng Sơn
2025-06-19T15:50:41.372Z [info]: Cập nhật thời tiết thành phố Phú Thọ
2025-06-19T15:50:41.374Z [info]: Cập nhật thời tiết thành phố Bình Thuận
2025-06-19T15:50:41.466Z [info]: Cập nhật thời tiết thành phố Ninh Thuận
2025-06-19T15:50:41.466Z [info]: Cập nhật thời tiết hoàn tất lúc 2025-06-19T15:50:41.466Z
2025-06-19T15:53:03.386Z [info]: Bắt đầu cập nhật thời tiết lúc 2025-06-19T15:53:03.385Z
2025-06-19T15:53:08.208Z [info]: Cập nhật thời tiết thành phố Vĩnh Phúc
2025-06-19T15:53:08.546Z [info]: Cập nhật thời tiết thành phố Bắc Ninh
2025-06-19T15:53:08.547Z [info]: Cập nhật thời tiết thành phố Hải Phòng
2025-06-19T15:53:08.548Z [info]: Cập nhật thời tiết thành phố Hải Dương
2025-06-19T15:53:08.549Z [info]: Cập nhật thời tiết thành phố Hà Nội
2025-06-19T15:53:11.559Z [info]: Cập nhật thời tiết thành phố Thái Bình
2025-06-19T15:53:11.559Z [info]: Cập nhật thời tiết thành phố Nam Định
2025-06-19T15:53:11.579Z [info]: Cập nhật thời tiết thành phố Hưng Yên
2025-06-19T15:53:11.613Z [info]: Cập nhật thời tiết thành phố Ninh Bình
2025-06-19T15:53:11.614Z [info]: Cập nhật thời tiết thành phố Hà Nam
2025-06-19T15:53:14.598Z [info]: Cập nhật thời tiết thành phố Lâm Đồng
2025-06-19T15:53:14.598Z [info]: Cập nhật thời tiết thành phố Gia Lai
2025-06-19T15:53:14.599Z [info]: Cập nhật thời tiết thành phố Kon Tum
2025-06-19T15:53:14.600Z [info]: Cập nhật thời tiết thành phố Đắk Lắk
2025-06-19T15:53:14.601Z [info]: Cập nhật thời tiết thành phố Đắk Nông
2025-06-19T15:53:18.021Z [info]: Cập nhật thời tiết thành phố Tiền Giang
2025-06-19T15:53:18.021Z [info]: Cập nhật thời tiết thành phố Long An
2025-06-19T15:53:18.022Z [info]: Cập nhật thời tiết thành phố Trà Vinh
2025-06-19T15:53:18.023Z [info]: Cập nhật thời tiết thành phố Vĩnh Long
2025-06-19T15:53:18.024Z [info]: Cập nhật thời tiết thành phố Bến Tre
2025-06-19T15:53:20.523Z [info]: Cập nhật thời tiết thành phố Cần Thơ
2025-06-19T15:53:20.524Z [info]: Cập nhật thời tiết thành phố Đồng Tháp
2025-06-19T15:53:20.542Z [info]: Cập nhật thời tiết thành phố An Giang
2025-06-19T15:53:20.543Z [info]: Cập nhật thời tiết thành phố Kiên Giang
2025-06-19T15:53:20.594Z [info]: Cập nhật thời tiết thành phố Hậu Giang
2025-06-19T15:53:23.296Z [info]: Cập nhật thời tiết thành phố Điện Biên
2025-06-19T15:53:23.297Z [info]: Cập nhật thời tiết thành phố Bạc Liêu
2025-06-19T15:53:23.298Z [info]: Cập nhật thời tiết thành phố Lào Cai
2025-06-19T15:53:23.298Z [info]: Cập nhật thời tiết thành phố Cà Mau
2025-06-19T15:53:23.299Z [info]: Cập nhật thời tiết thành phố Sóc Trăng
2025-06-19T15:53:25.935Z [info]: Cập nhật thời tiết thành phố Sơn La
2025-06-19T15:53:25.936Z [info]: Cập nhật thời tiết thành phố Lai Châu
2025-06-19T15:53:25.937Z [info]: Cập nhật thời tiết thành phố Yên Bái
2025-06-19T15:53:25.937Z [info]: Cập nhật thời tiết thành phố Hoà Bình
2025-06-19T15:53:25.938Z [info]: Cập nhật thời tiết thành phố Bình Phước
2025-06-19T15:53:29.350Z [info]: Cập nhật thời tiết thành phố Tây Ninh
2025-06-19T15:53:29.351Z [info]: Cập nhật thời tiết thành phố Bình Dương
2025-06-19T15:53:29.355Z [info]: Cập nhật thời tiết thành phố Thanh Hóa
2025-06-19T15:53:29.356Z [info]: Cập nhật thời tiết thành phố Đồng Nai
2025-06-19T15:53:29.356Z [info]: Cập nhật thời tiết thành phố Nghệ An
2025-06-19T15:53:32.571Z [info]: Cập nhật thời tiết thành phố Bà Rịa - Vũng Tàu
2025-06-19T15:53:32.572Z [info]: Cập nhật thời tiết thành phố Quảng Bình
2025-06-19T15:53:32.572Z [info]: Cập nhật thời tiết thành phố Hà Tĩnh
2025-06-19T15:53:32.573Z [info]: Cập nhật thời tiết thành phố Thừa Thiên Huế
2025-06-19T15:53:32.574Z [info]: Cập nhật thời tiết thành phố Quảng Trị
2025-06-19T15:53:35.973Z [info]: Cập nhật thời tiết thành phố Cao Bằng
2025-06-19T15:53:35.974Z [info]: Cập nhật thời tiết thành phố Quảng Nam
2025-06-19T15:53:35.975Z [info]: Cập nhật thời tiết thành phố Hồ Chí Minh
2025-06-19T15:53:35.976Z [info]: Cập nhật thời tiết thành phố Đà Nẵng
2025-06-19T15:53:36.033Z [info]: Cập nhật thời tiết thành phố Hà Giang
2025-06-19T15:53:38.805Z [info]: Cập nhật thời tiết thành phố Quảng Ngãi
2025-06-19T15:53:38.806Z [info]: Cập nhật thời tiết thành phố Bắc Kạn
2025-06-19T15:53:38.807Z [info]: Cập nhật thời tiết thành phố Tuyên Quang
2025-06-19T15:53:38.808Z [info]: Cập nhật thời tiết thành phố Bình Định
2025-06-19T15:53:38.809Z [info]: Cập nhật thời tiết thành phố Phú Yên
2025-06-19T15:53:44.650Z [info]: Cập nhật thời tiết thành phố Bắc Giang
2025-06-19T15:53:44.699Z [info]: Cập nhật thời tiết thành phố Quảng Ninh
2025-06-19T15:53:44.700Z [info]: Cập nhật thời tiết thành phố Khánh Hòa
2025-06-19T15:53:44.701Z [info]: Cập nhật thời tiết thành phố Lạng Sơn
2025-06-19T15:53:44.702Z [info]: Cập nhật thời tiết thành phố Thái Nguyên
2025-06-19T15:53:47.054Z [info]: Cập nhật thời tiết thành phố Bình Thuận
2025-06-19T15:53:47.055Z [info]: Cập nhật thời tiết thành phố Ninh Thuận
2025-06-19T15:53:47.056Z [info]: Cập nhật thời tiết thành phố Phú Thọ
2025-06-19T15:53:47.057Z [info]: Cập nhật thời tiết hoàn tất lúc 2025-06-19T15:53:47.057Z
2025-06-19T15:55:51.367Z [info]: Bắt đầu cập nhật thời tiết lúc 2025-06-19T15:55:51.365Z
2025-06-19T15:55:56.998Z [info]: Cập nhật thời tiết thành phố Bắc Ninh
2025-06-19T15:55:57.352Z [info]: Cập nhật thời tiết thành phố Hải Phòng
2025-06-19T15:55:57.374Z [info]: Cập nhật thời tiết thành phố Hà Nội
2025-06-19T15:55:57.377Z [info]: Cập nhật thời tiết thành phố Vĩnh Phúc
2025-06-19T15:55:57.378Z [info]: Cập nhật thời tiết thành phố Hải Dương
2025-06-19T15:56:00.425Z [info]: Cập nhật thời tiết thành phố Nam Định
2025-06-19T15:56:00.450Z [info]: Cập nhật thời tiết thành phố Hưng Yên
2025-06-19T15:56:00.450Z [info]: Cập nhật thời tiết thành phố Hà Nam
2025-06-19T15:56:00.451Z [info]: Cập nhật thời tiết thành phố Thái Bình
2025-06-19T15:56:00.452Z [info]: Cập nhật thời tiết thành phố Ninh Bình
2025-06-19T15:56:02.933Z [info]: Cập nhật thời tiết thành phố Lâm Đồng
2025-06-19T15:56:02.974Z [info]: Cập nhật thời tiết thành phố Gia Lai
2025-06-19T15:56:02.975Z [info]: Cập nhật thời tiết thành phố Đắk Lắk
2025-06-19T15:56:02.976Z [info]: Cập nhật thời tiết thành phố Đắk Nông
2025-06-19T15:56:02.977Z [info]: Cập nhật thời tiết thành phố Kon Tum
2025-06-19T15:56:05.388Z [info]: Cập nhật thời tiết thành phố Trà Vinh
2025-06-19T15:56:05.418Z [info]: Cập nhật thời tiết thành phố Bến Tre
2025-06-19T15:56:05.420Z [info]: Cập nhật thời tiết thành phố Vĩnh Long
2025-06-19T15:56:05.420Z [info]: Cập nhật thời tiết thành phố Tiền Giang
2025-06-19T15:56:05.421Z [info]: Cập nhật thời tiết thành phố Long An
2025-06-19T15:56:07.893Z [info]: Cập nhật thời tiết thành phố Hậu Giang
2025-06-19T15:56:07.895Z [info]: Cập nhật thời tiết thành phố Đồng Tháp
2025-06-19T15:56:07.896Z [info]: Cập nhật thời tiết thành phố Kiên Giang
2025-06-19T15:56:07.896Z [info]: Cập nhật thời tiết thành phố Cần Thơ
2025-06-19T15:56:07.948Z [info]: Cập nhật thời tiết thành phố An Giang
2025-06-19T15:56:10.278Z [info]: Cập nhật thời tiết thành phố Điện Biên
2025-06-19T15:56:10.304Z [info]: Cập nhật thời tiết thành phố Cà Mau
2025-06-19T15:56:10.305Z [info]: Cập nhật thời tiết thành phố Sóc Trăng
2025-06-19T15:56:10.322Z [info]: Cập nhật thời tiết thành phố Bạc Liêu
2025-06-19T15:56:10.324Z [info]: Cập nhật thời tiết thành phố Lào Cai
2025-06-19T15:56:12.624Z [info]: Cập nhật thời tiết thành phố Bình Phước
2025-06-19T15:56:12.668Z [info]: Cập nhật thời tiết thành phố Yên Bái
2025-06-19T15:56:12.669Z [info]: Cập nhật thời tiết thành phố Hoà Bình
2025-06-19T15:56:12.670Z [info]: Cập nhật thời tiết thành phố Lai Châu
2025-06-19T15:56:12.683Z [info]: Cập nhật thời tiết thành phố Sơn La
2025-06-19T15:56:15.110Z [info]: Cập nhật thời tiết thành phố Nghệ An
2025-06-19T15:56:15.132Z [info]: Cập nhật thời tiết thành phố Thanh Hóa
2025-06-19T15:56:15.133Z [info]: Cập nhật thời tiết thành phố Tây Ninh
2025-06-19T15:56:15.134Z [info]: Cập nhật thời tiết thành phố Bình Dương
2025-06-19T15:56:15.150Z [info]: Cập nhật thời tiết thành phố Đồng Nai
2025-06-19T15:56:17.657Z [info]: Cập nhật thời tiết thành phố Thừa Thiên Huế
2025-06-19T15:56:17.674Z [info]: Cập nhật thời tiết thành phố Bà Rịa - Vũng Tàu
2025-06-19T15:56:17.681Z [info]: Cập nhật thời tiết thành phố Quảng Trị
2025-06-19T15:56:17.700Z [info]: Cập nhật thời tiết thành phố Hà Tĩnh
2025-06-19T15:56:17.701Z [info]: Cập nhật thời tiết thành phố Quảng Bình
2025-06-19T15:56:20.473Z [info]: Cập nhật thời tiết thành phố Cao Bằng
2025-06-19T15:56:20.508Z [info]: Cập nhật thời tiết thành phố Hồ Chí Minh
2025-06-19T15:56:20.509Z [info]: Cập nhật thời tiết thành phố Quảng Nam
2025-06-19T15:56:20.510Z [info]: Cập nhật thời tiết thành phố Đà Nẵng
2025-06-19T15:56:20.511Z [info]: Cập nhật thời tiết thành phố Hà Giang
2025-06-19T15:56:23.029Z [info]: Cập nhật thời tiết thành phố Tuyên Quang
2025-06-19T15:56:23.086Z [info]: Cập nhật thời tiết thành phố Bình Định
2025-06-19T15:56:23.088Z [info]: Cập nhật thời tiết thành phố Quảng Ngãi
2025-06-19T15:56:23.146Z [info]: Cập nhật thời tiết thành phố Phú Yên
2025-06-19T15:56:23.256Z [info]: Cập nhật thời tiết thành phố Bắc Kạn
2025-06-19T15:56:26.890Z [info]: Cập nhật thời tiết thành phố Bắc Giang
2025-06-19T15:56:26.928Z [info]: Cập nhật thời tiết thành phố Khánh Hòa
2025-06-19T15:56:26.929Z [info]: Cập nhật thời tiết thành phố Quảng Ninh
2025-06-19T15:56:26.934Z [info]: Cập nhật thời tiết thành phố Thái Nguyên
2025-06-19T15:56:26.935Z [info]: Cập nhật thời tiết thành phố Lạng Sơn
2025-06-19T15:56:28.964Z [info]: Cập nhật thời tiết thành phố Ninh Thuận
2025-06-19T15:56:29.017Z [info]: Cập nhật thời tiết thành phố Bình Thuận
2025-06-19T15:56:29.018Z [info]: Cập nhật thời tiết thành phố Phú Thọ
2025-06-19T15:56:29.018Z [info]: Cập nhật thời tiết hoàn tất lúc 2025-06-19T15:56:29.018Z
2025-06-19T15:57:07.066Z [info]: Bắt đầu cập nhật thời tiết lúc 2025-06-19T15:57:07.065Z
2025-06-19T15:57:11.562Z [info]: Cập nhật thời tiết thành phố Hà Nội
2025-06-19T15:57:11.940Z [info]: Cập nhật thời tiết thành phố Bắc Ninh
2025-06-19T15:57:11.995Z [info]: Cập nhật thời tiết thành phố Vĩnh Phúc
2025-06-19T15:57:11.996Z [info]: Cập nhật thời tiết thành phố Hải Dương
2025-06-19T15:57:11.997Z [info]: Cập nhật thời tiết thành phố Hải Phòng
2025-06-19T15:57:15.793Z [info]: Cập nhật thời tiết thành phố Ninh Bình
2025-06-19T15:57:15.795Z [info]: Cập nhật thời tiết thành phố Nam Định
2025-06-19T15:57:15.796Z [info]: Cập nhật thời tiết thành phố Hà Nam
2025-06-19T15:57:15.797Z [info]: Cập nhật thời tiết thành phố Thái Bình
2025-06-19T15:57:15.847Z [info]: Cập nhật thời tiết thành phố Hưng Yên
2025-06-19T15:57:18.402Z [info]: Cập nhật thời tiết thành phố Gia Lai
2025-06-19T15:57:18.406Z [info]: Cập nhật thời tiết thành phố Lâm Đồng
2025-06-19T15:57:18.475Z [info]: Cập nhật thời tiết thành phố Đắk Nông
2025-06-19T15:57:18.477Z [info]: Cập nhật thời tiết thành phố Kon Tum
2025-06-19T15:57:18.478Z [info]: Cập nhật thời tiết thành phố Đắk Lắk
2025-06-19T15:57:20.989Z [info]: Cập nhật thời tiết thành phố Tiền Giang
2025-06-19T15:57:20.993Z [info]: Cập nhật thời tiết thành phố Vĩnh Long
2025-06-19T15:57:21.025Z [info]: Cập nhật thời tiết thành phố Trà Vinh
2025-06-19T15:57:21.026Z [info]: Cập nhật thời tiết thành phố Long An
2025-06-19T15:57:21.033Z [info]: Cập nhật thời tiết thành phố Bến Tre
2025-06-19T15:57:23.632Z [info]: Cập nhật thời tiết thành phố Hậu Giang
2025-06-19T15:57:23.682Z [info]: Cập nhật thời tiết thành phố An Giang
2025-06-19T15:57:23.684Z [info]: Cập nhật thời tiết thành phố Cần Thơ
2025-06-19T15:57:23.685Z [info]: Cập nhật thời tiết thành phố Đồng Tháp
2025-06-19T15:57:23.686Z [info]: Cập nhật thời tiết thành phố Kiên Giang
2025-06-19T16:03:02.479Z [info]: Bắt đầu cập nhật thời tiết lúc 2025-06-19T16:03:02.464Z
2025-06-19T16:03:21.908Z [info]: Cập nhật thời tiết thành phố Hải Phòng
2025-06-19T16:03:22.246Z [info]: Cập nhật thời tiết thành phố Hải Dương
2025-06-19T16:03:22.248Z [info]: Cập nhật thời tiết thành phố Hà Nội
2025-06-19T16:03:22.249Z [info]: Cập nhật thời tiết thành phố Bắc Ninh
2025-06-19T16:03:22.264Z [info]: Cập nhật thời tiết thành phố Vĩnh Phúc
2025-06-19T16:03:29.269Z [info]: Cập nhật thời tiết thành phố Nam Định
2025-06-19T16:03:29.275Z [info]: Cập nhật thời tiết thành phố Hà Nam
2025-06-19T16:03:29.284Z [info]: Cập nhật thời tiết thành phố Thái Bình
2025-06-19T16:03:29.286Z [info]: Cập nhật thời tiết thành phố Ninh Bình
2025-06-19T16:03:29.360Z [info]: Cập nhật thời tiết thành phố Hưng Yên
2025-06-19T16:03:34.293Z [info]: Cập nhật thời tiết thành phố Đắk Nông
2025-06-19T16:03:34.294Z [info]: Cập nhật thời tiết thành phố Lâm Đồng
2025-06-19T16:03:34.294Z [info]: Cập nhật thời tiết thành phố Gia Lai
2025-06-19T16:03:34.295Z [info]: Cập nhật thời tiết thành phố Đắk Lắk
2025-06-19T16:03:34.347Z [info]: Cập nhật thời tiết thành phố Kon Tum
2025-06-19T16:03:43.108Z [error]: Lỗi: Lỗi khi lấy thông tin thời tiết thành phốLong An [object Object]
2025-06-19T16:03:43.801Z [info]: Cập nhật thời tiết thành phố Trà Vinh
2025-06-19T16:03:43.802Z [info]: Cập nhật thời tiết thành phố Bến Tre
2025-06-19T16:03:43.803Z [info]: Cập nhật thời tiết thành phố Vĩnh Long
2025-06-19T16:03:43.835Z [info]: Cập nhật thời tiết thành phố Tiền Giang
2025-06-19T16:03:47.700Z [info]: Cập nhật thời tiết thành phố Cần Thơ
2025-06-19T16:03:47.701Z [info]: Cập nhật thời tiết thành phố Kiên Giang
2025-06-19T16:03:47.707Z [info]: Cập nhật thời tiết thành phố An Giang
2025-06-19T16:03:47.742Z [info]: Cập nhật thời tiết thành phố Hậu Giang
2025-06-19T16:03:47.763Z [info]: Cập nhật thời tiết thành phố Đồng Tháp
2025-06-19T16:03:50.804Z [info]: Cập nhật thời tiết thành phố Điện Biên
2025-06-19T16:03:50.807Z [info]: Cập nhật thời tiết thành phố Bạc Liêu
2025-06-19T16:03:50.808Z [info]: Cập nhật thời tiết thành phố Cà Mau
2025-06-19T16:03:50.815Z [info]: Cập nhật thời tiết thành phố Lào Cai
2025-06-19T16:03:50.869Z [info]: Cập nhật thời tiết thành phố Sóc Trăng
2025-06-19T16:03:54.281Z [info]: Cập nhật thời tiết thành phố Hoà Bình
2025-06-19T16:03:54.286Z [info]: Cập nhật thời tiết thành phố Sơn La
2025-06-19T16:03:54.287Z [info]: Cập nhật thời tiết thành phố Bình Phước
2025-06-19T16:03:54.287Z [info]: Cập nhật thời tiết thành phố Yên Bái
2025-06-19T16:03:54.340Z [info]: Cập nhật thời tiết thành phố Lai Châu
2025-06-19T16:03:57.390Z [info]: Cập nhật thời tiết thành phố Tây Ninh
2025-06-19T16:03:57.391Z [info]: Cập nhật thời tiết thành phố Nghệ An
2025-06-19T16:03:57.391Z [info]: Cập nhật thời tiết thành phố Đồng Nai
2025-06-19T16:03:57.392Z [info]: Cập nhật thời tiết thành phố Thanh Hóa
2025-06-19T16:03:57.470Z [info]: Cập nhật thời tiết thành phố Bình Dương
2025-06-19T16:04:00.787Z [info]: Cập nhật thời tiết thành phố Quảng Bình
2025-06-19T16:04:00.840Z [info]: Cập nhật thời tiết thành phố Quảng Trị
2025-06-19T16:04:00.841Z [info]: Cập nhật thời tiết thành phố Hà Tĩnh
2025-06-19T16:04:00.842Z [info]: Cập nhật thời tiết thành phố Bà Rịa - Vũng Tàu
2025-06-19T16:04:00.861Z [info]: Cập nhật thời tiết thành phố Thừa Thiên Huế
2025-06-19T16:04:03.990Z [info]: Cập nhật thời tiết thành phố Đà Nẵng
2025-06-19T16:04:03.991Z [info]: Cập nhật thời tiết thành phố Quảng Nam
2025-06-19T16:04:03.991Z [info]: Cập nhật thời tiết thành phố Hồ Chí Minh
2025-06-19T16:04:04.039Z [info]: Cập nhật thời tiết thành phố Cao Bằng
2025-06-19T16:04:04.064Z [info]: Cập nhật thời tiết thành phố Hà Giang
2025-06-19T16:04:07.146Z [info]: Cập nhật thời tiết thành phố Tuyên Quang
2025-06-19T16:04:07.147Z [info]: Cập nhật thời tiết thành phố Phú Yên
2025-06-19T16:04:07.148Z [info]: Cập nhật thời tiết thành phố Bình Định
2025-06-19T16:04:07.149Z [info]: Cập nhật thời tiết thành phố Bắc Kạn
2025-06-19T16:04:07.206Z [info]: Cập nhật thời tiết thành phố Quảng Ngãi
2025-06-19T16:04:11.905Z [info]: Cập nhật thời tiết thành phố Bắc Giang
2025-06-19T16:04:11.907Z [info]: Cập nhật thời tiết thành phố Lạng Sơn
2025-06-19T16:04:11.908Z [info]: Cập nhật thời tiết thành phố Khánh Hòa
2025-06-19T16:04:11.913Z [info]: Cập nhật thời tiết thành phố Quảng Ninh
2025-06-19T16:04:11.977Z [info]: Cập nhật thời tiết thành phố Thái Nguyên
2025-06-19T16:04:13.924Z [info]: Cập nhật thời tiết thành phố Bình Thuận
2025-06-19T16:04:13.925Z [info]: Cập nhật thời tiết thành phố Ninh Thuận
2025-06-19T16:04:14.012Z [info]: Cập nhật thời tiết thành phố Phú Thọ
2025-06-19T16:04:14.013Z [info]: Cập nhật thời tiết hoàn tất lúc 2025-06-19T16:04:14.013Z
2025-06-19T16:07:40.498Z [info]: Bắt đầu cập nhật thời tiết lúc 2025-06-19T16:07:40.496Z
2025-06-19T16:07:46.958Z [info]: Cập nhật thời tiết thành phố Hà Nội
2025-06-19T16:07:47.433Z [info]: Cập nhật thời tiết thành phố Hải Phòng
2025-06-19T16:07:47.435Z [info]: Cập nhật thời tiết thành phố Hải Dương
2025-06-19T16:07:47.436Z [info]: Cập nhật thời tiết thành phố Vĩnh Phúc
2025-06-19T16:07:47.536Z [info]: Cập nhật thời tiết thành phố Bắc Ninh
2025-06-19T16:07:50.841Z [info]: Cập nhật thời tiết thành phố Thái Bình
2025-06-19T16:07:50.843Z [info]: Cập nhật thời tiết thành phố Ninh Bình
2025-06-19T16:07:50.844Z [info]: Cập nhật thời tiết thành phố Hà Nam
2025-06-19T16:07:50.845Z [info]: Cập nhật thời tiết thành phố Nam Định
2025-06-19T16:07:50.859Z [info]: Cập nhật thời tiết thành phố Hưng Yên
2025-06-19T16:07:53.517Z [info]: Cập nhật thời tiết thành phố Đắk Nông
2025-06-19T16:07:53.520Z [info]: Cập nhật thời tiết thành phố Lâm Đồng
2025-06-19T16:07:53.522Z [info]: Cập nhật thời tiết thành phố Gia Lai
2025-06-19T16:07:53.550Z [info]: Cập nhật thời tiết thành phố Kon Tum
2025-06-19T16:07:53.580Z [info]: Cập nhật thời tiết thành phố Đắk Lắk
2025-06-19T16:07:56.209Z [info]: Cập nhật thời tiết thành phố Vĩnh Long
2025-06-19T16:07:56.210Z [info]: Cập nhật thời tiết thành phố Bến Tre
2025-06-19T16:07:56.211Z [info]: Cập nhật thời tiết thành phố Tiền Giang
2025-06-19T16:07:56.234Z [info]: Cập nhật thời tiết thành phố Long An
2025-06-19T16:07:56.242Z [info]: Cập nhật thời tiết thành phố Trà Vinh
2025-06-19T16:07:58.765Z [info]: Cập nhật thời tiết thành phố Cần Thơ
2025-06-19T16:07:58.771Z [info]: Cập nhật thời tiết thành phố Đồng Tháp
2025-06-19T16:07:58.800Z [info]: Cập nhật thời tiết thành phố Kiên Giang
2025-06-19T16:07:58.802Z [info]: Cập nhật thời tiết thành phố An Giang
2025-06-19T16:07:58.823Z [info]: Cập nhật thời tiết thành phố Hậu Giang
2025-06-19T16:08:01.734Z [info]: Cập nhật thời tiết thành phố Lào Cai
2025-06-19T16:08:01.737Z [info]: Cập nhật thời tiết thành phố Sóc Trăng
2025-06-19T16:08:01.743Z [info]: Cập nhật thời tiết thành phố Bạc Liêu
2025-06-19T16:08:01.772Z [info]: Cập nhật thời tiết thành phố Cà Mau
2025-06-19T16:08:01.776Z [info]: Cập nhật thời tiết thành phố Điện Biên
2025-06-19T16:08:04.557Z [info]: Cập nhật thời tiết thành phố Lai Châu
2025-06-19T16:08:04.592Z [info]: Cập nhật thời tiết thành phố Bình Phước
2025-06-19T16:08:04.612Z [info]: Cập nhật thời tiết thành phố Yên Bái
2025-06-19T16:08:04.617Z [info]: Cập nhật thời tiết thành phố Hoà Bình
2025-06-19T16:08:04.626Z [info]: Cập nhật thời tiết thành phố Sơn La
2025-06-19T16:08:07.380Z [info]: Cập nhật thời tiết thành phố Thanh Hóa
2025-06-19T16:08:07.381Z [info]: Cập nhật thời tiết thành phố Nghệ An
2025-06-19T16:08:07.382Z [info]: Cập nhật thời tiết thành phố Tây Ninh
2025-06-19T16:08:07.390Z [info]: Cập nhật thời tiết thành phố Bình Dương
2025-06-19T16:08:07.392Z [info]: Cập nhật thời tiết thành phố Đồng Nai
2025-06-19T16:08:10.323Z [info]: Cập nhật thời tiết thành phố Thừa Thiên Huế
2025-06-19T16:08:10.325Z [info]: Cập nhật thời tiết thành phố Quảng Trị
2025-06-19T16:08:10.327Z [info]: Cập nhật thời tiết thành phố Bà Rịa - Vũng Tàu
2025-06-19T16:08:10.361Z [info]: Cập nhật thời tiết thành phố Quảng Bình
2025-06-19T16:08:10.365Z [info]: Cập nhật thời tiết thành phố Hà Tĩnh
2025-06-19T16:08:13.465Z [info]: Cập nhật thời tiết thành phố Cao Bằng
2025-06-19T16:08:13.466Z [info]: Cập nhật thời tiết thành phố Hồ Chí Minh
2025-06-19T16:08:13.477Z [info]: Cập nhật thời tiết thành phố Đà Nẵng
2025-06-19T16:08:13.489Z [info]: Cập nhật thời tiết thành phố Quảng Nam
2025-06-19T16:08:13.505Z [info]: Cập nhật thời tiết thành phố Hà Giang
2025-06-19T16:08:16.166Z [info]: Cập nhật thời tiết thành phố Bình Định
2025-06-19T16:08:16.189Z [info]: Cập nhật thời tiết thành phố Tuyên Quang
2025-06-19T16:08:16.190Z [info]: Cập nhật thời tiết thành phố Bắc Kạn
2025-06-19T16:08:16.234Z [info]: Cập nhật thời tiết thành phố Phú Yên
2025-06-19T16:08:16.241Z [info]: Cập nhật thời tiết thành phố Quảng Ngãi
2025-06-19T16:08:20.253Z [info]: Cập nhật thời tiết thành phố Lạng Sơn
2025-06-19T16:08:20.307Z [info]: Cập nhật thời tiết thành phố Quảng Ninh
2025-06-19T16:08:20.308Z [info]: Cập nhật thời tiết thành phố Bắc Giang
2025-06-19T16:08:20.439Z [info]: Cập nhật thời tiết thành phố Thái Nguyên
2025-06-19T16:08:20.439Z [info]: Cập nhật thời tiết thành phố Khánh Hòa
2025-06-19T16:08:23.492Z [info]: Cập nhật thời tiết thành phố Phú Thọ
2025-06-19T16:15:16.601Z [info]: Bắt đầu cập nhật thời tiết lúc 2025-06-19T16:15:16.600Z
2025-06-19T16:15:21.134Z [info]: Cập nhật thời tiết thành phố Bắc Ninh
2025-06-19T16:15:21.447Z [info]: Cập nhật thời tiết thành phố Hải Dương
2025-06-19T16:15:21.448Z [info]: Cập nhật thời tiết thành phố Hải Phòng
2025-06-19T16:15:21.449Z [info]: Cập nhật thời tiết thành phố Hà Nội
2025-06-19T16:15:21.488Z [info]: Cập nhật thời tiết thành phố Vĩnh Phúc
2025-06-19T16:15:24.662Z [info]: Cập nhật thời tiết thành phố Thái Bình
2025-06-19T16:15:24.663Z [info]: Cập nhật thời tiết thành phố Hưng Yên
2025-06-19T16:15:24.664Z [info]: Cập nhật thời tiết thành phố Ninh Bình
2025-06-19T16:15:24.665Z [info]: Cập nhật thời tiết thành phố Hà Nam
2025-06-19T16:15:24.665Z [info]: Cập nhật thời tiết thành phố Nam Định
2025-06-19T16:15:27.700Z [info]: Cập nhật thời tiết thành phố Đắk Nông
2025-06-19T16:15:27.703Z [info]: Cập nhật thời tiết thành phố Đắk Lắk
2025-06-19T16:15:27.704Z [info]: Cập nhật thời tiết thành phố Kon Tum
2025-06-19T16:15:27.704Z [info]: Cập nhật thời tiết thành phố Lâm Đồng
2025-06-19T16:15:27.704Z [info]: Cập nhật thời tiết thành phố Gia Lai
2025-06-19T16:15:31.041Z [info]: Cập nhật thời tiết thành phố Vĩnh Long
2025-06-19T16:15:31.043Z [info]: Cập nhật thời tiết thành phố Long An
2025-06-19T16:15:31.043Z [info]: Cập nhật thời tiết thành phố Bến Tre
2025-06-19T16:15:31.044Z [info]: Cập nhật thời tiết thành phố Tiền Giang
2025-06-19T16:15:31.045Z [info]: Cập nhật thời tiết thành phố Trà Vinh
2025-06-19T16:15:34.074Z [info]: Cập nhật thời tiết thành phố An Giang
2025-06-19T16:15:34.075Z [info]: Cập nhật thời tiết thành phố Đồng Tháp
2025-06-19T16:15:34.076Z [info]: Cập nhật thời tiết thành phố Cần Thơ
2025-06-19T16:15:34.082Z [info]: Cập nhật thời tiết thành phố Hậu Giang
2025-06-19T16:15:34.118Z [info]: Cập nhật thời tiết thành phố Kiên Giang
2025-06-19T16:15:36.786Z [info]: Cập nhật thời tiết thành phố Sóc Trăng
2025-06-19T16:15:36.831Z [info]: Cập nhật thời tiết thành phố Lào Cai
2025-06-19T16:15:36.833Z [info]: Cập nhật thời tiết thành phố Cà Mau
2025-06-19T16:15:36.834Z [info]: Cập nhật thời tiết thành phố Điện Biên
2025-06-19T16:15:36.844Z [info]: Cập nhật thời tiết thành phố Bạc Liêu
2025-06-19T16:15:39.710Z [info]: Cập nhật thời tiết thành phố Sơn La
2025-06-19T16:15:39.719Z [info]: Cập nhật thời tiết thành phố Hoà Bình
2025-06-19T16:15:39.722Z [info]: Cập nhật thời tiết thành phố Yên Bái
2025-06-19T16:15:39.725Z [info]: Cập nhật thời tiết thành phố Bình Phước
2025-06-19T16:15:39.737Z [info]: Cập nhật thời tiết thành phố Lai Châu
2025-06-19T16:15:42.573Z [info]: Cập nhật thời tiết thành phố Đồng Nai
2025-06-19T16:15:42.594Z [info]: Cập nhật thời tiết thành phố Bình Dương
2025-06-19T16:15:42.595Z [info]: Cập nhật thời tiết thành phố Tây Ninh
2025-06-19T16:15:42.596Z [info]: Cập nhật thời tiết thành phố Nghệ An
2025-06-19T16:15:42.630Z [info]: Cập nhật thời tiết thành phố Thanh Hóa
2025-06-19T16:15:46.164Z [info]: Cập nhật thời tiết thành phố Hà Tĩnh
2025-06-19T16:15:46.165Z [info]: Cập nhật thời tiết thành phố Quảng Bình
2025-06-19T16:15:46.165Z [info]: Cập nhật thời tiết thành phố Thừa Thiên Huế
2025-06-19T16:15:46.166Z [info]: Cập nhật thời tiết thành phố Quảng Trị
2025-06-19T16:15:46.167Z [info]: Cập nhật thời tiết thành phố Bà Rịa - Vũng Tàu
2025-06-19T16:15:49.379Z [info]: Cập nhật thời tiết thành phố Hồ Chí Minh
2025-06-19T16:15:49.384Z [info]: Cập nhật thời tiết thành phố Quảng Nam
2025-06-19T16:15:49.385Z [info]: Cập nhật thời tiết thành phố Đà Nẵng
2025-06-19T16:15:49.423Z [info]: Cập nhật thời tiết thành phố Hà Giang
2025-06-19T16:15:49.424Z [info]: Cập nhật thời tiết thành phố Cao Bằng
2025-06-19T16:15:52.452Z [info]: Cập nhật thời tiết thành phố Phú Yên
2025-06-19T16:15:52.453Z [info]: Cập nhật thời tiết thành phố Bình Định
2025-06-19T16:15:52.454Z [info]: Cập nhật thời tiết thành phố Tuyên Quang
2025-06-19T16:15:52.455Z [info]: Cập nhật thời tiết thành phố Quảng Ngãi
2025-06-19T16:15:52.523Z [info]: Cập nhật thời tiết thành phố Bắc Kạn
2025-06-19T16:15:57.147Z [info]: Cập nhật thời tiết thành phố Quảng Ninh
2025-06-19T16:15:57.148Z [info]: Cập nhật thời tiết thành phố Khánh Hòa
2025-06-19T16:15:57.149Z [info]: Cập nhật thời tiết thành phố Lạng Sơn
2025-06-19T16:15:57.150Z [info]: Cập nhật thời tiết thành phố Bắc Giang
2025-06-19T16:15:57.162Z [info]: Cập nhật thời tiết thành phố Thái Nguyên
2025-06-19T16:15:59.337Z [info]: Cập nhật thời tiết thành phố Ninh Thuận
2025-06-19T16:15:59.338Z [info]: Cập nhật thời tiết thành phố Bình Thuận
2025-06-19T16:15:59.339Z [info]: Cập nhật thời tiết thành phố Phú Thọ
